0 info it worked if it ends with ok
1 verbose cli [ 'C:\\Program Files (x86)\\nodejs\\node.exe',
1 verbose cli   'C:\\Program Files (x86)\\nodejs\\node_modules\\npm\\bin\\npm-cli.js',
1 verbose cli   'install',
1 verbose cli   'fibers' ]
2 info using npm@2.14.12
3 info using node@v4.2.4
4 verbose config Skipping project config: C:\Users\Maciek/.npmrc. (matches userconfig)
5 verbose install initial load of C:\Users\Maciek\package.json
6 verbose installManyTop reading scoped package data from C:\Users\Maciek\node_modules\node-gyp\package.json
7 verbose readDependencies loading dependencies from C:\Users\Maciek\package.json
8 silly cache add args [ 'fibers', null ]
9 verbose cache add spec fibers
10 silly cache add parsed spec Result {
10 silly cache add   raw: 'fibers',
10 silly cache add   scope: null,
10 silly cache add   name: 'fibers',
10 silly cache add   rawSpec: '',
10 silly cache add   spec: 'latest',
10 silly cache add   type: 'tag' }
11 silly addNamed fibers@latest
12 verbose addNamed "latest" is being treated as a dist-tag for fibers
13 info addNameTag [ 'fibers', 'latest' ]
14 silly mapToRegistry name fibers
15 silly mapToRegistry using default registry
16 silly mapToRegistry registry https://registry.npmjs.org/
17 silly mapToRegistry uri https://registry.npmjs.org/fibers
18 verbose addNameTag registry:https://registry.npmjs.org/fibers not in flight; fetching
19 verbose request uri https://registry.npmjs.org/fibers
20 verbose request no auth needed
21 info attempt registry request try #1 at 17:24:43
22 verbose request id c7c1f5e46faee98c
23 verbose etag "3AGJBV07F0SX41ZIOD22A0TAN"
24 http request GET https://registry.npmjs.org/fibers
25 http 304 https://registry.npmjs.org/fibers
26 verbose headers { date: 'Sun, 10 Jan 2016 16:25:05 GMT',
26 verbose headers   via: '1.1 varnish',
26 verbose headers   'cache-control': 'max-age=300',
26 verbose headers   etag: '"3AGJBV07F0SX41ZIOD22A0TAN"',
26 verbose headers   age: '60',
26 verbose headers   connection: 'keep-alive',
26 verbose headers   'x-served-by': 'cache-fra1226-FRA',
26 verbose headers   'x-cache': 'HIT',
26 verbose headers   'x-cache-hits': '1',
26 verbose headers   'x-timer': 'S1452443105.958349,VS0,VE0',
26 verbose headers   vary: 'Accept' }
27 silly get cb [ 304,
27 silly get   { date: 'Sun, 10 Jan 2016 16:25:05 GMT',
27 silly get     via: '1.1 varnish',
27 silly get     'cache-control': 'max-age=300',
27 silly get     etag: '"3AGJBV07F0SX41ZIOD22A0TAN"',
27 silly get     age: '60',
27 silly get     connection: 'keep-alive',
27 silly get     'x-served-by': 'cache-fra1226-FRA',
27 silly get     'x-cache': 'HIT',
27 silly get     'x-cache-hits': '1',
27 silly get     'x-timer': 'S1452443105.958349,VS0,VE0',
27 silly get     vary: 'Accept' } ]
28 verbose etag https://registry.npmjs.org/fibers from cache
29 verbose get saving fibers to C:\Users\Maciek\AppData\Roaming\npm-cache\registry.npmjs.org\fibers\.cache.json
30 silly addNameTag next cb for fibers with tag latest
31 silly addNamed fibers@1.0.8
32 verbose addNamed "1.0.8" is a plain semver version for fibers
33 silly cache afterAdd fibers@1.0.8
34 verbose afterAdd C:\Users\Maciek\AppData\Roaming\npm-cache\fibers\1.0.8\package\package.json not in flight; writing
35 verbose afterAdd C:\Users\Maciek\AppData\Roaming\npm-cache\fibers\1.0.8\package\package.json written
36 silly install resolved [ { name: 'fibers',
36 silly install resolved     version: '1.0.8',
36 silly install resolved     description: 'Cooperative multi-tasking for Javascript',
36 silly install resolved     keywords:
36 silly install resolved      [ 'fiber',
36 silly install resolved        'fibers',
36 silly install resolved        'coroutine',
36 silly install resolved        'thread',
36 silly install resolved        'async',
36 silly install resolved        'parallel',
36 silly install resolved        'worker',
36 silly install resolved        'future',
36 silly install resolved        'promise' ],
36 silly install resolved     homepage: 'https://github.com/laverdet/node-fibers',
36 silly install resolved     author:
36 silly install resolved      { name: 'Marcel Laverdet',
36 silly install resolved        email: 'marcel@laverdet.com',
36 silly install resolved        url: 'https://github.com/laverdet/' },
36 silly install resolved     main: 'fibers',
36 silly install resolved     scripts:
36 silly install resolved      { install: 'node build.js || nodejs build.js',
36 silly install resolved        test: 'node test.js || nodejs test.js' },
36 silly install resolved     repository:
36 silly install resolved      { type: 'git',
36 silly install resolved        url: 'git://github.com/laverdet/node-fibers.git' },
36 silly install resolved     license: 'MIT',
36 silly install resolved     engines: { node: '>=0.5.2' },
36 silly install resolved     gitHead: '7dfdb6d2fb1e3fabf26d1f6d5102e08d0c557c5d',
36 silly install resolved     bugs: { url: 'https://github.com/laverdet/node-fibers/issues' },
36 silly install resolved     _id: 'fibers@1.0.8',
36 silly install resolved     _shasum: 'cbffda427c4e588a6f8601c2a07d134b092077f2',
36 silly install resolved     _from: 'fibers@latest',
36 silly install resolved     _npmVersion: '3.3.12',
36 silly install resolved     _nodeVersion: '5.1.0',
36 silly install resolved     _npmUser: { name: 'laverdet', email: 'marcel.npm@laverdet.com' },
36 silly install resolved     maintainers: [ [Object] ],
36 silly install resolved     dist:
36 silly install resolved      { shasum: 'cbffda427c4e588a6f8601c2a07d134b092077f2',
36 silly install resolved        tarball: 'http://registry.npmjs.org/fibers/-/fibers-1.0.8.tgz' },
36 silly install resolved     directories: {},
36 silly install resolved     _resolved: 'https://registry.npmjs.org/fibers/-/fibers-1.0.8.tgz',
36 silly install resolved     readme: 'ERROR: No README data found!' } ]
37 info install fibers@1.0.8 into C:\Users\Maciek
38 info installOne fibers@1.0.8
39 verbose installOne of fibers to C:\Users\Maciek not in flight; installing
40 verbose lock using C:\Users\Maciek\AppData\Roaming\npm-cache\_locks\fibers-f61847353670633c.lock for C:\Users\Maciek\node_modules\fibers
41 silly install write writing fibers 1.0.8 to C:\Users\Maciek\node_modules\fibers
42 verbose unbuild node_modules\fibers
43 silly gentlyRm C:\Users\Maciek\node_modules\fibers is being purged from base C:\Users\Maciek
44 verbose gentlyRm don't care about contents; nuking C:\Users\Maciek\node_modules\fibers
45 verbose tar unpack C:\Users\Maciek\AppData\Roaming\npm-cache\fibers\1.0.8\package.tgz
46 verbose tar unpacking to C:\Users\Maciek\node_modules\fibers
47 silly gentlyRm C:\Users\Maciek\node_modules\fibers is being purged
48 verbose gentlyRm don't care about contents; nuking C:\Users\Maciek\node_modules\fibers
49 silly gunzTarPerm modes [ '777', '666' ]
50 silly gunzTarPerm extractEntry package.json
51 silly gunzTarPerm modified mode [ 'package.json', 420, 438 ]
52 silly gunzTarPerm extractEntry .npmignore
53 silly gunzTarPerm modified mode [ '.npmignore', 420, 438 ]
54 silly gunzTarPerm extractEntry README.md
55 silly gunzTarPerm modified mode [ 'README.md', 420, 438 ]
56 silly gunzTarPerm extractEntry LICENSE
57 silly gunzTarPerm modified mode [ 'LICENSE', 420, 438 ]
58 silly gunzTarPerm extractEntry quick-test.js
59 silly gunzTarPerm modified mode [ 'quick-test.js', 420, 438 ]
60 silly gunzTarPerm extractEntry future.js
61 silly gunzTarPerm modified mode [ 'future.js', 420, 438 ]
62 silly gunzTarPerm extractEntry build.js
63 silly gunzTarPerm modified mode [ 'build.js', 493, 511 ]
64 silly gunzTarPerm extractEntry test.js
65 silly gunzTarPerm modified mode [ 'test.js', 493, 511 ]
66 silly gunzTarPerm extractEntry fibers.js
67 silly gunzTarPerm modified mode [ 'fibers.js', 420, 438 ]
68 silly gunzTarPerm extractEntry binding.gyp
69 silly gunzTarPerm modified mode [ 'binding.gyp', 420, 438 ]
70 silly gunzTarPerm extractEntry bin/.npmignore
71 silly gunzTarPerm modified mode [ 'bin/.npmignore', 420, 438 ]
72 silly gunzTarPerm extractEntry bin/darwin-ia32-v8-4.6/fibers.node
73 silly gunzTarPerm modified mode [ 'bin/darwin-ia32-v8-4.6/fibers.node', 493, 511 ]
74 silly gunzTarPerm extractEntry bin/darwin-x64-v8-4.6/fibers.node
75 silly gunzTarPerm modified mode [ 'bin/darwin-x64-v8-4.6/fibers.node', 493, 511 ]
76 silly gunzTarPerm extractEntry bin/linux-ia32-v8-4.6/fibers.node
77 silly gunzTarPerm modified mode [ 'bin/linux-ia32-v8-4.6/fibers.node', 493, 511 ]
78 silly gunzTarPerm extractEntry bin/linux-x64-v8-4.6/fibers.node
79 silly gunzTarPerm modified mode [ 'bin/linux-x64-v8-4.6/fibers.node', 493, 511 ]
80 silly gunzTarPerm extractEntry bin/repl
81 silly gunzTarPerm modified mode [ 'bin/repl', 493, 511 ]
82 silly gunzTarPerm extractEntry bin/win32-ia32-v8-4.6/fibers.node
83 silly gunzTarPerm modified mode [ 'bin/win32-ia32-v8-4.6/fibers.node', 420, 438 ]
84 silly gunzTarPerm extractEntry bin/win32-x64-v8-4.6/fibers.node
85 silly gunzTarPerm modified mode [ 'bin/win32-x64-v8-4.6/fibers.node', 420, 438 ]
86 silly gunzTarPerm extractEntry src/coroutine.cc
87 silly gunzTarPerm modified mode [ 'src/coroutine.cc', 420, 438 ]
88 silly gunzTarPerm extractEntry src/coroutine.h
89 silly gunzTarPerm modified mode [ 'src/coroutine.h', 420, 438 ]
90 silly gunzTarPerm extractEntry src/fibers.cc
91 silly gunzTarPerm modified mode [ 'src/fibers.cc', 420, 438 ]
92 silly gunzTarPerm extractEntry src/libcoro/README
93 silly gunzTarPerm modified mode [ 'src/libcoro/README', 420, 438 ]
94 silly gunzTarPerm extractEntry src/libcoro/LICENSE
95 silly gunzTarPerm modified mode [ 'src/libcoro/LICENSE', 420, 438 ]
96 silly gunzTarPerm extractEntry src/libcoro/conftest.c
97 silly gunzTarPerm modified mode [ 'src/libcoro/conftest.c', 420, 438 ]
98 silly gunzTarPerm extractEntry src/libcoro/coro.c
99 silly gunzTarPerm modified mode [ 'src/libcoro/coro.c', 420, 438 ]
100 silly gunzTarPerm extractEntry src/libcoro/coro.h
101 silly gunzTarPerm modified mode [ 'src/libcoro/coro.h', 420, 438 ]
102 silly gunzTarPerm extractEntry test/already-running.js
103 silly gunzTarPerm modified mode [ 'test/already-running.js', 420, 438 ]
104 silly gunzTarPerm extractEntry test/exit.js
105 silly gunzTarPerm modified mode [ 'test/exit.js', 420, 438 ]
106 silly gunzTarPerm extractEntry test/fibonacci.js
107 silly gunzTarPerm modified mode [ 'test/fibonacci.js', 420, 438 ]
108 silly gunzTarPerm extractEntry test/finish-multiple.js
109 silly gunzTarPerm modified mode [ 'test/finish-multiple.js', 420, 438 ]
110 silly gunzTarPerm extractEntry test/future-exception.js
111 silly gunzTarPerm modified mode [ 'test/future-exception.js', 420, 438 ]
112 silly gunzTarPerm extractEntry test/exec.js
113 silly gunzTarPerm modified mode [ 'test/exec.js', 420, 438 ]
114 silly gunzTarPerm extractEntry test/illegal-yield.js
115 silly gunzTarPerm modified mode [ 'test/illegal-yield.js', 420, 438 ]
116 silly gunzTarPerm extractEntry test/pool.js
117 silly gunzTarPerm modified mode [ 'test/pool.js', 420, 438 ]
118 silly gunzTarPerm extractEntry test/process-title.js
119 silly gunzTarPerm modified mode [ 'test/process-title.js', 420, 438 ]
120 silly gunzTarPerm extractEntry test/stack-overflow.js
121 silly gunzTarPerm modified mode [ 'test/stack-overflow.js', 420, 438 ]
122 silly gunzTarPerm extractEntry test/stack-overflow2.js
123 silly gunzTarPerm modified mode [ 'test/stack-overflow2.js', 493, 511 ]
124 silly gunzTarPerm extractEntry test/current.js
125 silly gunzTarPerm modified mode [ 'test/current.js', 420, 438 ]
126 silly gunzTarPerm extractEntry test/stack-overflow3.js
127 silly gunzTarPerm modified mode [ 'test/stack-overflow3.js', 420, 438 ]
128 silly gunzTarPerm extractEntry test/child-process.js
129 silly gunzTarPerm modified mode [ 'test/child-process.js', 420, 438 ]
130 silly gunzTarPerm extractEntry test/started.js
131 silly gunzTarPerm modified mode [ 'test/started.js', 420, 438 ]
132 silly gunzTarPerm extractEntry test/bad-context.js
133 silly gunzTarPerm modified mode [ 'test/bad-context.js', 420, 438 ]
134 silly gunzTarPerm extractEntry test/unwind.js
135 silly gunzTarPerm modified mode [ 'test/unwind.js', 420, 438 ]
136 silly gunzTarPerm extractEntry test/future.js
137 silly gunzTarPerm modified mode [ 'test/future.js', 420, 438 ]
138 verbose write writing to C:\Users\Maciek\node_modules\fibers\package.json
139 info preinstall fibers@1.0.8
140 verbose readDependencies loading dependencies from C:\Users\Maciek\node_modules\fibers\package.json
141 verbose readDependencies loading dependencies from C:\Users\Maciek\node_modules\fibers\package.json
142 silly install resolved []
143 verbose about to build C:\Users\Maciek\node_modules\fibers
144 info build C:\Users\Maciek\node_modules\fibers
145 info linkStuff fibers@1.0.8
146 silly linkStuff fibers@1.0.8 has C:\Users\Maciek\node_modules as its parent node_modules
147 verbose linkBins fibers@1.0.8
148 verbose linkMans fibers@1.0.8
149 verbose rebuildBundles fibers@1.0.8
150 info install fibers@1.0.8
151 verbose unsafe-perm in lifecycle true
152 info fibers@1.0.8 Failed to exec install script
153 verbose unlock done using C:\Users\Maciek\AppData\Roaming\npm-cache\_locks\fibers-f61847353670633c.lock for C:\Users\Maciek\node_modules\fibers
154 verbose stack Error: fibers@1.0.8 install: `node build.js || nodejs build.js`
154 verbose stack Exit status 1
154 verbose stack     at EventEmitter.<anonymous> (C:\Program Files (x86)\nodejs\node_modules\npm\lib\utils\lifecycle.js:214:16)
154 verbose stack     at emitTwo (events.js:87:13)
154 verbose stack     at EventEmitter.emit (events.js:172:7)
154 verbose stack     at ChildProcess.<anonymous> (C:\Program Files (x86)\nodejs\node_modules\npm\lib\utils\spawn.js:24:14)
154 verbose stack     at emitTwo (events.js:87:13)
154 verbose stack     at ChildProcess.emit (events.js:172:7)
154 verbose stack     at maybeClose (internal/child_process.js:818:16)
154 verbose stack     at Process.ChildProcess._handle.onexit (internal/child_process.js:211:5)
155 verbose pkgid fibers@1.0.8
156 verbose cwd C:\Users\Maciek\Documents\Github\microscope
157 error Windows_NT 10.0.10586
158 error argv "C:\\Program Files (x86)\\nodejs\\node.exe" "C:\\Program Files (x86)\\nodejs\\node_modules\\npm\\bin\\npm-cli.js" "install" "fibers"
159 error node v4.2.4
160 error npm  v2.14.12
161 error code ELIFECYCLE
162 error fibers@1.0.8 install: `node build.js || nodejs build.js`
162 error Exit status 1
163 error Failed at the fibers@1.0.8 install script 'node build.js || nodejs build.js'.
163 error This is most likely a problem with the fibers package,
163 error not with npm itself.
163 error Tell the author that this fails on your system:
163 error     node build.js || nodejs build.js
163 error You can get their info via:
163 error     npm owner ls fibers
163 error There is likely additional logging output above.
164 verbose exit [ 1, true ]
165 verbose unbuild node_modules\fibers
166 info preuninstall fibers@1.0.8
167 info uninstall fibers@1.0.8
168 verbose unbuild rmStuff fibers@1.0.8 from C:\Users\Maciek\node_modules
169 info postuninstall fibers@1.0.8
170 silly gentlyRm C:\Users\Maciek\node_modules\fibers is being purged from base C:\Users\Maciek
171 verbose gentlyRm don't care about contents; nuking C:\Users\Maciek\node_modules\fibers
172 silly vacuum-fs purging C:\Users\Maciek\node_modules\fibers
173 silly vacuum-fs quitting because other entries in C:\Users\Maciek\node_modules
